<?xml version="1.0" encoding="UTF-8"?>
<!-- Generated by org.testng.reporters.JUnitReportReporter -->
<testsuite skipped="0" hostname="DESKTOP-JMPP5H9" name="rahulshettyacademy.testcomponents.DemoSample" tests="2" failures="0" timestamp="2022-12-22T20:01:28 IST" time="0.008" errors="0">
  <testcase name="testSample" time="0.001" classname="rahulshettyacademy.testcomponents.DemoSample"/>
  <system-out/>
  <testcase name="testSample" time="0.007" classname="rahulshettyacademy.testcomponents.DemoSample"/>
  <system-out/>
</testsuite> <!-- rahulshettyacademy.testcomponents.DemoSample -->
