<?xml version="1.0" encoding="UTF-8"?>
<!-- Generated by org.testng.reporters.JUnitReportReporter -->
<testsuite skipped="0" hostname="DESKTOP-JMPP5H9" name="rahulshettyacademy.tests.ErrorValidation" tests="1" failures="0" timestamp="2022-12-21T10:59:45 IST" time="4.082" errors="0">
  <testcase name="errorMessage" time="4.082" classname="rahulshettyacademy.tests.ErrorValidation"/>
  <system-out/>
</testsuite> <!-- rahulshettyacademy.tests.ErrorValidation -->
