<?xml version="1.0" encoding="UTF-8"?>
<!-- Generated by org.testng.reporters.JUnitReportReporter -->
<testsuite skipped="0" hostname="DESKTOP-JMPP5H9" name="rahulshettyacademy.tests.SubmitOrderTest" tests="1" failures="0" timestamp="2022-12-21T10:59:45 IST" time="30.562" errors="0">
  <testcase name="submitOrdrer" time="30.562" classname="rahulshettyacademy.tests.SubmitOrderTest"/>
  <system-out/>
</testsuite> <!-- rahulshettyacademy.tests.SubmitOrderTest -->
